2024-12-17 17:37:01,047 - __main__ - INFO - 🎵 Starting Music Bot...
2024-12-17 17:37:01,047 - __main__ - INFO - 🚀 Initializing bot...
2024-12-17 17:37:01,093 - __main__ - INFO - ✅ Database connected successfully
2024-12-17 17:37:01,094 - __main__ - INFO - ⚙️ Setting up handlers...
2024-12-17 17:37:01,094 - __main__ - INFO - ✨ Bot is ready! Starting polling...
2024-12-17 17:37:01,094 - __main__ - INFO - 🎵 Bot started successfully!
2024-12-17 17:37:01,553 - TeleBot - INFO - Starting your bot with username: [@subralsb_musicbot]
2024-12-17 17:37:04,916 - TeleBot - INFO - Received 1 new updates
2024-12-17 17:37:07,189 - TeleBot - INFO - Received 1 new updates
2024-12-17 17:37:18,609 - TeleBot - INFO - Received 1 new updates
2024-12-17 17:37:23,988 - TeleBot - INFO - Received 1 new updates
2024-12-17 17:41:55,812 - TeleBot - WARNING - Polling is stopped.
2024-12-17 17:42:12,889 - __main__ - INFO - 🎵 Starting Music Bot...
2024-12-17 17:42:12,889 - __main__ - INFO - 🚀 Initializing bot...
2024-12-17 17:42:12,899 - __main__ - INFO - ✅ Database connected successfully
2024-12-17 17:42:12,899 - __main__ - INFO - ⚙️ Setting up handlers...
2024-12-17 17:42:12,900 - __main__ - INFO - ✨ Bot is ready! Starting polling...
2024-12-17 17:42:12,900 - __main__ - INFO - 🎵 Bot started successfully!
2024-12-17 17:42:13,185 - TeleBot - INFO - Starting your bot with username: [@subralsb_musicbot]
2024-12-17 17:42:18,151 - TeleBot - INFO - Received 1 new updates
2024-12-17 17:42:28,490 - TeleBot - INFO - Received 1 new updates
2024-12-17 17:42:35,780 - TeleBot - INFO - Received 1 new updates
2024-12-17 17:44:42,531 - TeleBot - WARNING - Polling is stopped.
2024-12-17 17:44:45,645 - __main__ - INFO - 🎵 Starting Music Bot...
2024-12-17 17:44:45,645 - __main__ - INFO - 🚀 Initializing bot...
2024-12-17 17:44:45,655 - __main__ - INFO - ✅ Database connected successfully
2024-12-17 17:44:45,656 - __main__ - INFO - ⚙️ Setting up handlers...
2024-12-17 17:44:45,656 - __main__ - INFO - ✨ Bot is ready! Starting polling...
2024-12-17 17:44:45,656 - __main__ - INFO - 🎵 Bot started successfully!
2024-12-17 17:44:45,934 - TeleBot - INFO - Starting your bot with username: [@subralsb_musicbot]
2024-12-17 17:44:51,239 - TeleBot - INFO - Received 1 new updates
2024-12-17 17:44:57,088 - TeleBot - INFO - Received 1 new updates
2024-12-17 17:45:03,795 - TeleBot - INFO - Received 1 new updates
2024-12-17 17:45:44,104 - TeleBot - WARNING - Polling is stopped.
2024-12-17 17:47:30,048 - __main__ - INFO - 🎵 Starting Music Bot...
2024-12-17 17:47:30,048 - __main__ - INFO - 🚀 Initializing bot...
2024-12-17 17:47:30,066 - __main__ - INFO - ✅ Database connected successfully
2024-12-17 17:47:30,066 - __main__ - INFO - ⚙️ Setting up handlers...
2024-12-17 17:47:30,067 - __main__ - INFO - ✨ Bot is ready! Starting polling...
2024-12-17 17:47:30,067 - __main__ - INFO - 🎵 Bot started successfully!
2024-12-17 17:47:30,365 - TeleBot - INFO - Starting your bot with username: [@subralsb_musicbot]
2024-12-17 17:47:34,004 - TeleBot - INFO - Received 1 new updates
2024-12-17 17:47:39,094 - TeleBot - INFO - Received 1 new updates
2024-12-17 17:47:42,916 - TeleBot - INFO - Received 1 new updates
2024-12-17 17:48:01,534 - TeleBot - WARNING - Polling is stopped.
2024-12-17 17:51:23,102 - __main__ - INFO - 🎵 Starting Music Bot...
2024-12-17 17:51:23,103 - __main__ - INFO - 🚀 Initializing bot...
2024-12-17 17:51:23,126 - __main__ - INFO - ✅ Database connected successfully
2024-12-17 17:51:23,126 - __main__ - INFO - ⚙️ Setting up handlers...
2024-12-17 17:51:23,126 - __main__ - INFO - ✨ Bot is ready! Starting polling...
2024-12-17 17:51:23,126 - __main__ - INFO - 🎵 Bot started successfully!
2024-12-17 17:51:23,460 - TeleBot - INFO - Starting your bot with username: [@subralsb_musicbot]
2024-12-17 17:51:33,639 - TeleBot - INFO - Received 1 new updates
2024-12-17 17:51:40,194 - TeleBot - INFO - Received 1 new updates
2024-12-17 17:51:43,994 - TeleBot - INFO - Received 1 new updates
2024-12-17 17:52:25,764 - TeleBot - INFO - Received 1 new updates
2024-12-17 17:52:33,666 - TeleBot - INFO - Received 1 new updates
2024-12-17 17:53:18,568 - TeleBot - INFO - Received 1 new updates
2024-12-17 17:53:20,128 - TeleBot - INFO - Received 1 new updates
2024-12-17 17:53:21,184 - TeleBot - INFO - Received 1 new updates
2024-12-17 17:53:23,545 - TeleBot - INFO - Received 1 new updates
2024-12-17 17:53:24,817 - TeleBot - INFO - Received 1 new updates
2024-12-17 17:53:26,476 - TeleBot - INFO - Received 1 new updates
2024-12-17 17:53:42,678 - TeleBot - INFO - Received 1 new updates
2024-12-17 17:53:44,198 - TeleBot - INFO - Received 1 new updates
2024-12-17 17:54:31,113 - TeleBot - WARNING - Polling is stopped.
2024-12-17 17:54:40,609 - __main__ - INFO - 🎵 Starting Music Bot...
2024-12-17 17:54:40,609 - __main__ - INFO - 🚀 Initializing bot...
2024-12-17 17:54:40,619 - __main__ - INFO - ✅ Database connected successfully
2024-12-17 17:54:40,619 - __main__ - INFO - ⚙️ Setting up handlers...
2024-12-17 17:54:40,620 - __main__ - INFO - ✨ Bot is ready! Starting polling...
2024-12-17 17:54:40,620 - __main__ - INFO - 🎵 Bot started successfully!
2024-12-17 17:54:40,930 - TeleBot - INFO - Starting your bot with username: [@subralsb_musicbot]
2024-12-17 17:54:48,023 - TeleBot - INFO - Received 1 new updates
2024-12-17 17:54:56,515 - TeleBot - INFO - Received 1 new updates
2024-12-17 17:55:04,100 - TeleBot - INFO - Received 1 new updates
2024-12-17 17:55:20,303 - TeleBot - INFO - Received 1 new updates
2024-12-17 17:55:26,789 - TeleBot - INFO - Received 1 new updates
2024-12-17 17:56:14,677 - TeleBot - WARNING - Polling is stopped.
2024-12-17 18:00:07,919 - __main__ - INFO - 🎵 Starting Music Bot...
2024-12-17 18:00:07,919 - __main__ - INFO - 🚀 Initializing bot...
2024-12-17 18:00:07,929 - __main__ - INFO - ✅ Database connected successfully
2024-12-17 18:00:07,929 - __main__ - INFO - ⚙️ Setting up handlers...
2024-12-17 18:00:07,929 - __main__ - INFO - ✨ Bot is ready! Starting polling...
2024-12-17 18:00:07,929 - __main__ - INFO - 🎵 Bot started successfully!
2024-12-17 18:00:08,269 - TeleBot - INFO - Starting your bot with username: [@subralsb_musicbot]
2024-12-17 18:00:14,703 - TeleBot - INFO - Received 1 new updates
2024-12-17 18:00:20,360 - TeleBot - INFO - Received 1 new updates
2024-12-17 18:00:25,519 - TeleBot - INFO - Received 1 new updates
2024-12-17 18:05:57,819 - TeleBot - WARNING - Polling is stopped.
2024-12-17 18:06:02,384 - __main__ - INFO - 🎵 Starting Music Bot...
2024-12-17 18:06:02,384 - __main__ - INFO - 🚀 Initializing bot...
2024-12-17 18:06:02,394 - __main__ - INFO - ✅ Database connected successfully
2024-12-17 18:06:02,394 - __main__ - INFO - ⚙️ Setting up handlers...
2024-12-17 18:06:02,394 - __main__ - INFO - ✨ Bot is ready! Starting polling...
2024-12-17 18:06:02,394 - __main__ - INFO - 🎵 Bot started successfully!
2024-12-17 18:06:02,693 - TeleBot - INFO - Starting your bot with username: [@subralsb_musicbot]
2024-12-17 18:06:07,608 - TeleBot - INFO - Received 1 new updates
2024-12-17 18:06:12,847 - TeleBot - INFO - Received 1 new updates
2024-12-17 18:06:16,427 - TeleBot - INFO - Received 1 new updates
2024-12-17 18:07:17,994 - TeleBot - WARNING - Polling is stopped.
2024-12-17 18:07:19,388 - __main__ - INFO - 🎵 Starting Music Bot...
2024-12-17 18:07:19,388 - __main__ - INFO - 🚀 Initializing bot...
2024-12-17 18:07:19,413 - __main__ - INFO - ✅ Database connected successfully
2024-12-17 18:07:19,414 - __main__ - INFO - ⚙️ Setting up handlers...
2024-12-17 18:07:19,414 - __main__ - INFO - ✨ Bot is ready! Starting polling...
2024-12-17 18:07:19,414 - __main__ - INFO - 🎵 Bot started successfully!
2024-12-17 18:07:19,709 - TeleBot - INFO - Starting your bot with username: [@subralsb_musicbot]
2024-12-17 18:07:24,924 - TeleBot - INFO - Received 1 new updates
2024-12-17 18:07:26,902 - TeleBot - INFO - Received 1 new updates
2024-12-17 18:07:29,992 - TeleBot - INFO - Received 1 new updates
2024-12-17 18:07:41,379 - TeleBot - WARNING - Polling is stopped.
2024-12-17 18:14:41,882 - __main__ - INFO - 🎵 Starting Music Bot...
2024-12-17 18:14:41,882 - __main__ - INFO - 🚀 Initializing bot...
2024-12-17 18:14:41,892 - __main__ - INFO - ✅ Database connected successfully
2024-12-17 18:14:41,892 - __main__ - INFO - ⚙️ Setting up handlers...
2024-12-17 18:14:41,892 - __main__ - INFO - ✨ Bot is ready! Starting polling...
2024-12-17 18:14:41,892 - __main__ - INFO - 🎵 Bot started successfully!
2024-12-17 18:14:42,218 - TeleBot - INFO - Starting your bot with username: [@subralsb_musicbot]
2024-12-17 18:14:48,547 - TeleBot - INFO - Received 1 new updates
2024-12-17 19:01:13,007 - TeleBot - INFO - Received 1 new updates
2024-12-17 19:01:22,539 - TeleBot - INFO - Received 1 new updates
2024-12-17 19:01:26,081 - TeleBot - INFO - Received 1 new updates
2024-12-17 19:01:40,768 - TeleBot - INFO - Received 1 new updates
2024-12-17 19:16:20,329 - TeleBot - INFO - Received 1 new updates
2024-12-17 19:16:25,396 - TeleBot - INFO - Received 1 new updates
2024-12-17 19:29:14,179 - TeleBot - INFO - Received 1 new updates
2024-12-17 19:29:19,772 - TeleBot - INFO - Received 1 new updates
2024-12-17 19:29:20,942 - TeleBot - INFO - Received 1 new updates
2024-12-17 19:29:22,094 - TeleBot - INFO - Received 1 new updates
2024-12-17 19:29:23,963 - TeleBot - INFO - Received 1 new updates
2024-12-17 19:29:26,879 - TeleBot - INFO - Received 1 new updates
2024-12-17 19:29:27,987 - TeleBot - INFO - Received 1 new updates
2024-12-17 19:29:29,216 - TeleBot - INFO - Received 1 new updates
2024-12-17 19:29:30,514 - TeleBot - INFO - Received 1 new updates
2024-12-17 19:29:32,307 - TeleBot - INFO - Received 1 new updates
2024-12-17 19:29:38,394 - TeleBot - INFO - Received 1 new updates
2024-12-17 19:29:41,853 - TeleBot - INFO - Received 1 new updates
2024-12-17 19:29:45,413 - TeleBot - INFO - Received 1 new updates
2024-12-17 19:29:49,007 - TeleBot - INFO - Received 1 new updates
2024-12-17 19:29:50,130 - TeleBot - INFO - Received 1 new updates
2024-12-17 19:29:51,191 - TeleBot - INFO - Received 1 new updates
2024-12-17 19:29:51,796 - TeleBot - INFO - Received 1 new updates
2024-12-17 19:29:52,690 - TeleBot - INFO - Received 1 new updates
2024-12-17 19:29:53,833 - TeleBot - INFO - Received 1 new updates
2024-12-17 19:29:55,550 - TeleBot - INFO - Received 1 new updates
2024-12-17 19:30:04,159 - TeleBot - INFO - Received 1 new updates
2024-12-17 19:30:10,689 - TeleBot - INFO - Received 1 new updates
2024-12-17 19:30:11,938 - TeleBot - INFO - Received 1 new updates
2024-12-17 19:30:29,343 - TeleBot - INFO - Received 1 new updates
2024-12-17 19:30:30,753 - TeleBot - INFO - Received 1 new updates
2024-12-17 19:31:01,806 - TeleBot - INFO - Received 1 new updates
2024-12-17 19:31:04,109 - TeleBot - INFO - Received 1 new updates
2024-12-17 19:31:05,904 - TeleBot - INFO - Received 1 new updates
2024-12-17 19:31:07,600 - TeleBot - INFO - Received 1 new updates
2024-12-17 19:31:07,787 - TeleBot - INFO - Received 1 new updates
2024-12-17 19:31:08,554 - TeleBot - INFO - Received 1 new updates
2024-12-17 19:31:10,891 - TeleBot - INFO - Received 1 new updates
2024-12-17 19:31:12,920 - TeleBot - INFO - Received 1 new updates
2024-12-17 19:31:14,242 - TeleBot - INFO - Received 1 new updates
2024-12-17 19:31:25,032 - TeleBot - INFO - Received 1 new updates
2024-12-17 19:31:27,928 - TeleBot - INFO - Received 1 new updates
2024-12-17 19:31:42,380 - TeleBot - INFO - Received 1 new updates
2024-12-17 19:31:51,475 - TeleBot - INFO - Received 1 new updates
2024-12-17 19:36:16,639 - TeleBot - INFO - Received 1 new updates
2024-12-17 19:36:26,817 - TeleBot - INFO - Received 1 new updates
2024-12-17 19:36:47,361 - TeleBot - INFO - Received 1 new updates
2024-12-17 19:36:51,729 - TeleBot - INFO - Received 1 new updates
2024-12-17 19:36:54,689 - TeleBot - INFO - Received 1 new updates
2024-12-17 19:37:12,615 - TeleBot - INFO - Received 1 new updates
2024-12-17 21:24:28,128 - TeleBot - WARNING - Polling is stopped.
